2020-05-08 11:41:50, INFO: [train.py 提示：] 使用设备: cpu
2020-05-08 11:41:50, INFO: [graph_model.py 提示：] Similarity_func: embedded_gaussian
2020-05-08 11:41:50, INFO: [graph_model.py 提示：] Layerwise_graph: True
2020-05-08 11:41:50, INFO: [graph_model.py 提示：] Skip_connection: False
2020-05-08 11:41:50, INFO: [graph_model.py 提示：] GCN layers: 2
2020-05-08 11:41:50, INFO: [env_sim 提示：] 小组外Agent数目: 1
2020-05-08 11:41:50, INFO: [env_sim 提示：] 组外Agent期望速度未随机：0.3。
2020-05-08 11:41:50, INFO: [env_sim 提示：] 训练场景： circle_crossing , 测试场景: circle_crossing
2020-05-08 11:41:50, INFO: [env_sim 提示：] 正方形宽度: 20, 圆的半径: 4
2020-05-08 11:41:50, INFO: Lr: 0.001 的参数 graph_model.w_a graph_model.w_group.0.weight graph_model.w_group.0.bias graph_model.w_group.2.weight graph_model.w_group.2.bias graph_model.w_agents.0.weight graph_model.w_agents.0.bias graph_model.w_agents.2.weight graph_model.w_agents.2.bias graph_model.Ws.0 graph_model.Ws.1 value_network.0.weight value_network.0.bias value_network.2.weight value_network.2.bias value_network.4.weight value_network.4.bias value_network.6.weight value_network.6.bias 使用 Adam 优化器
2020-05-08 11:42:11, INFO: [env_sim提示：] 超时未到达。
2020-05-08 11:42:11, INFO: TRAIN in episode 0 has success rate: 0.00, collision rate: 0.00, nav time: 30.00, total reward: -0.5240, average return: -0.1134
2020-05-08 11:42:11, INFO: Experience 集合的大小 : 120/100000
2020-05-08 11:42:22, INFO: [env_sim提示：] 超时未到达。
2020-05-08 11:42:22, INFO: TRAIN in episode 0 has success rate: 0.00, collision rate: 0.00, nav time: 30.00, total reward: -0.6266, average return: -0.4587
2020-05-08 11:42:22, INFO: Average loss : 7.29E-04
2020-05-08 11:42:35, INFO: [env_sim提示：] 超时未到达。
2020-05-08 11:42:35, INFO: TRAIN in episode 1 has success rate: 0.00, collision rate: 0.00, nav time: 30.00, total reward: -0.2505, average return: -0.2529
2020-05-08 11:42:35, INFO: Average loss : 7.06E-04
2020-05-08 11:42:49, INFO: [env_sim提示：] 超时未到达。
2020-05-08 11:42:49, INFO: TRAIN in episode 2 has success rate: 0.00, collision rate: 0.00, nav time: 30.00, total reward: -0.5060, average return: -0.7064
2020-05-08 11:42:50, INFO: Average loss : 3.61E-03
2020-05-08 11:43:03, INFO: [env_sim提示：] 超时未到达。
2020-05-08 11:43:03, INFO: TRAIN in episode 3 has success rate: 0.00, collision rate: 0.00, nav time: 30.00, total reward: -0.9370, average return: -0.4742
2020-05-08 11:43:03, INFO: Average loss : 4.39E-03
2020-05-08 11:43:14, INFO: [env_sim提示：] 超时未到达。
2020-05-08 11:43:14, INFO: TRAIN in episode 4 has success rate: 0.00, collision rate: 0.00, nav time: 30.00, total reward: -0.8476, average return: -0.2328
2020-05-08 11:43:14, INFO: Average loss : 4.49E-03
2020-05-08 11:43:25, INFO: [env_sim提示：] 超时未到达。
2020-05-08 11:43:25, INFO: TRAIN in episode 5 has success rate: 0.00, collision rate: 0.00, nav time: 30.00, total reward: -0.4999, average return: -0.0235
2020-05-08 11:43:25, INFO: Average loss : 5.08E-03
2020-05-08 11:43:38, INFO: [env_sim提示：] 超时未到达。
2020-05-08 11:43:38, INFO: TRAIN in episode 6 has success rate: 0.00, collision rate: 0.00, nav time: 30.00, total reward: -0.6180, average return: -0.0399
2020-05-08 11:43:38, INFO: Average loss : 4.05E-03
2020-05-08 11:43:49, INFO: [env_sim提示：] 超时未到达。
2020-05-08 11:43:49, INFO: TRAIN in episode 7 has success rate: 0.00, collision rate: 0.00, nav time: 30.00, total reward: -0.3205, average return: -0.0699
2020-05-08 11:43:49, INFO: Average loss : 3.93E-03
2020-05-08 11:44:01, INFO: [env_sim提示：] 超时未到达。
2020-05-08 11:44:01, INFO: TRAIN in episode 8 has success rate: 0.00, collision rate: 0.00, nav time: 30.00, total reward: -0.2761, average return: -0.0847
2020-05-08 11:44:01, INFO: Average loss : 3.74E-03
2020-05-08 11:44:12, INFO: [env_sim提示：] 超时未到达。
2020-05-08 11:44:12, INFO: TRAIN in episode 9 has success rate: 0.00, collision rate: 0.00, nav time: 30.00, total reward: -0.3318, average return: -0.2535
2020-05-08 11:44:12, INFO: Average loss : 3.76E-03
2020-05-08 11:44:23, INFO: [env_sim提示：] 超时未到达。
2020-05-08 11:44:23, INFO: TRAIN in episode 10 has success rate: 0.00, collision rate: 0.00, nav time: 30.00, total reward: -0.5573, average return: -0.7333
2020-05-08 11:44:23, INFO: Average loss : 4.18E-03
2020-05-08 11:44:36, INFO: [env_sim提示：] 超时未到达。
2020-05-08 11:44:36, INFO: TRAIN in episode 11 has success rate: 0.00, collision rate: 0.00, nav time: 30.00, total reward: -0.3225, average return: -0.3184
2020-05-08 11:44:37, INFO: Average loss : 4.17E-03
2020-05-08 11:44:51, INFO: [env_sim提示：] 超时未到达。
2020-05-08 11:44:51, INFO: TRAIN in episode 12 has success rate: 0.00, collision rate: 0.00, nav time: 30.00, total reward: -0.2914, average return: -0.1306
2020-05-08 11:44:51, INFO: Average loss : 4.21E-03
2020-05-08 11:45:03, INFO: [env_sim提示：] 超时未到达。
2020-05-08 11:45:03, INFO: TRAIN in episode 13 has success rate: 0.00, collision rate: 0.00, nav time: 30.00, total reward: -0.4934, average return: -0.3080
2020-05-08 11:45:03, INFO: Average loss : 4.06E-03
2020-05-08 11:45:15, INFO: [env_sim提示：] 超时未到达。
2020-05-08 11:45:15, INFO: TRAIN in episode 14 has success rate: 0.00, collision rate: 0.00, nav time: 30.00, total reward: -0.2619, average return: -0.1600
2020-05-08 11:45:15, INFO: Average loss : 4.54E-03
2020-05-08 11:45:30, INFO: [env_sim提示：] 超时未到达。
2020-05-08 11:45:30, INFO: TRAIN in episode 15 has success rate: 0.00, collision rate: 0.00, nav time: 30.00, total reward: -0.1592, average return: -0.3014
2020-05-08 11:45:30, INFO: Average loss : 4.55E-03
2020-05-08 11:45:43, INFO: [env_sim提示：] 超时未到达。
2020-05-08 11:45:43, INFO: TRAIN in episode 16 has success rate: 0.00, collision rate: 0.00, nav time: 30.00, total reward: -0.2465, average return: -0.3388
2020-05-08 11:45:43, INFO: Average loss : 4.28E-03
2020-05-08 11:45:55, INFO: [env_sim提示：] 超时未到达。
2020-05-08 11:45:55, INFO: TRAIN in episode 17 has success rate: 0.00, collision rate: 0.00, nav time: 30.00, total reward: -0.4040, average return: -0.4537
2020-05-08 11:45:55, INFO: Average loss : 4.27E-03
2020-05-08 11:46:09, INFO: [env_sim提示：] 超时未到达。
2020-05-08 11:46:09, INFO: TRAIN in episode 18 has success rate: 0.00, collision rate: 0.00, nav time: 30.00, total reward: -0.4038, average return: -0.3723
2020-05-08 11:46:10, INFO: Average loss : 4.32E-03
2020-05-08 11:46:26, INFO: [env_sim提示：] 超时未到达。
2020-05-08 11:46:26, INFO: TRAIN in episode 19 has success rate: 0.00, collision rate: 0.00, nav time: 30.00, total reward: -0.0578, average return: -0.3357
2020-05-08 11:46:26, INFO: Average loss : 4.51E-03
